<?xml version="1.0" encoding="UTF-8"?>
<!-- Generated by org.testng.reporters.JUnitReportReporter -->
<testsuite hostname="saurabh-yogesh" failures="0" tests="1" name="tacademy.AddcartTest" time="20.828" errors="0" timestamp="2021-11-19T21:23:34 IST" skipped="0">
  <testcase classname="tacademy.AddcartTest" name="cart" time="20.828"/>
  <system-out/>
</testsuite> <!-- tacademy.AddcartTest -->
