<?xml version="1.0" encoding="UTF-8"?>
<!-- Generated by org.testng.reporters.JUnitReportReporter -->
<testsuite hostname="saurabh-yogesh" failures="0" tests="1" name="tacademy.Mug3DSelection" time="9.492" errors="0" timestamp="2021-11-17T09:27:22 IST" skipped="0">
  <testcase classname="tacademy.Mug3DSelection" name="cart" time="9.492"/>
  <system-out/>
</testsuite> <!-- tacademy.Mug3DSelection -->
