<?xml version="1.0" encoding="UTF-8"?>
<!-- Generated by org.testng.reporters.JUnitReportReporter -->
<testsuite hostname="saurabh-yogesh" failures="0" tests="1" name="tacademy.Findorder" time="15.948" errors="0" timestamp="2021-11-18T06:00:48 IST" skipped="0">
  <testcase classname="tacademy.Findorder" name="findorder" time="15.948"/>
  <system-out/>
</testsuite> <!-- tacademy.Findorder -->
