<?xml version="1.0" encoding="UTF-8"?>
<!-- Generated by org.testng.reporters.JUnitReportReporter -->
<testsuite hostname="saurabh-yogesh" failures="0" tests="1" name="capturesc.Screenshot" time="6.854" errors="0" timestamp="2021-11-17T21:41:56 IST" skipped="0">
  <testcase classname="capturesc.Screenshot" name="capture" time="6.854"/>
  <system-out/>
</testsuite> <!-- capturesc.Screenshot -->
