<?xml version="1.0" encoding="UTF-8"?>
<!-- Generated by org.testng.reporters.JUnitReportReporter -->
<testsuite hostname="saurabh-yogesh" failures="0" tests="1" name="tacademy.LoginTest" time="15.038" errors="0" timestamp="2021-11-19T19:13:21 IST" skipped="0">
  <testcase classname="tacademy.LoginTest" name="Login" time="15.038"/>
  <system-out/>
</testsuite> <!-- tacademy.LoginTest -->
