<?xml version="1.0" encoding="UTF-8"?>
<!-- Generated by org.testng.reporters.JUnitReportReporter -->
<testsuite hostname="saurabh-yogesh" failures="0" tests="1" name="tacademy.EnterPincodeGift" time="12.713" errors="0" timestamp="2021-11-19T21:32:42 IST" skipped="0">
  <testcase classname="tacademy.EnterPincodeGift" name="pinCode" time="12.713"/>
  <system-out/>
</testsuite> <!-- tacademy.EnterPincodeGift -->
