<?xml version="1.0" encoding="UTF-8"?>
<!-- Generated by org.testng.reporters.JUnitReportReporter -->
<testsuite hostname="saurabh-yogesh" failures="0" tests="1" name="tacademy.FacemaskSelector" time="16.408" errors="0" timestamp="2021-11-17T09:41:32 IST" skipped="0">
  <testcase classname="tacademy.FacemaskSelector" name="cart" time="16.408"/>
  <system-out/>
</testsuite> <!-- tacademy.FacemaskSelector -->
