<?xml version="1.0" encoding="UTF-8"?>
<!-- Generated by org.testng.reporters.JUnitReportReporter -->
<testsuite hostname="saurabh-yogesh" failures="0" tests="1" name="tacademy.Mug3dSelector" time="32.776" errors="0" timestamp="2021-11-18T12:30:28 IST" skipped="0">
  <testcase classname="tacademy.Mug3dSelector" name="mug3d" time="32.776"/>
  <system-out/>
</testsuite> <!-- tacademy.Mug3dSelector -->
