<?xml version="1.0" encoding="UTF-8"?>
<!-- Generated by org.testng.reporters.JUnitReportReporter -->
<testsuite hostname="saurabh-yogesh" failures="0" tests="1" name="tacademy.Findorder" time="18.405" errors="0" timestamp="2021-11-18T12:30:28 IST" skipped="0">
  <testcase classname="tacademy.Findorder" name="findorder" time="18.405"/>
  <system-out/>
</testsuite> <!-- tacademy.Findorder -->
