<?xml version="1.0" encoding="UTF-8"?>
<!-- Generated by org.testng.reporters.JUnitReportReporter -->
<testsuite hostname="saurabh-yogesh" failures="0" tests="1" name="tacademy.GetTitle" time="15.614" errors="0" timestamp="2021-11-18T12:30:28 IST" skipped="0">
  <testcase classname="tacademy.GetTitle" name="title" time="15.614"/>
  <system-out/>
</testsuite> <!-- tacademy.GetTitle -->
