<?xml version="1.0" encoding="UTF-8"?>
<!-- Generated by org.testng.reporters.JUnitReportReporter -->
<testsuite hostname="saurabh-yogesh" failures="0" tests="1" name="tacademy.AddcartTest" time="27.774" errors="0" timestamp="2021-11-18T12:30:28 IST" skipped="0">
  <testcase classname="tacademy.AddcartTest" name="cart" time="27.774"/>
  <system-out/>
</testsuite> <!-- tacademy.AddcartTest -->
